<?xml version="1.0" encoding="utf-8"?><testsuites name="pytest tests"><testsuite name="pytest" errors="0" failures="0" skipped="0" tests="19" time="3.012" timestamp="2026-05-28T08:54:19.795700+00:00" hostname="agent-env-ea2138af-494a-48cf-92cc-924a45f94cfa"><testcase classname="backend.tests.test_auratech_api.TestCatalog" name="test_brands" time="0.260" /><testcase classname="backend.tests.test_auratech_api.TestCatalog" name="test_categories" time="0.047" /><testcase classname="backend.tests.test_auratech_api.TestCatalog" name="test_products_paged" time="0.044" /><testcase classname="backend.tests.test_auratech_api.TestCatalog" name="test_products_filter_by_brand" time="0.044" /><testcase classname="backend.tests.test_auratech_api.TestCatalog" name="test_products_sort_price_asc" time="0.046" /><testcase classname="backend.tests.test_auratech_api.TestCatalog" name="test_product_by_id_and_slug" time="0.088" /><testcase classname="backend.tests.test_auratech_api.TestCatalog" name="test_product_404" time="0.042" /><testcase classname="backend.tests.test_auratech_api.TestCatalog" name="test_reviews" time="0.045" /><testcase classname="backend.tests.test_auratech_api.TestAuth" name="test_login_seed_customer" time="0.287" /><testcase classname="backend.tests.test_auratech_api.TestAuth" name="test_login_invalid" time="0.268" /><testcase classname="backend.tests.test_auratech_api.TestAuth" name="test_register_and_login" time="0.580" /><testcase classname="backend.tests.test_auratech_api.TestAuth" name="test_me_requires_auth" time="0.045" /><testcase classname="backend.tests.test_auratech_api.TestCart" name="test_add_get_update_delete" time="0.539" /><testcase classname="backend.tests.test_auratech_api.TestWishlist" name="test_add_list_remove" time="0.130" /><testcase classname="backend.tests.test_auratech_api.TestCoupon" name="test_save10" time="0.045" /><testcase classname="backend.tests.test_auratech_api.TestCoupon" name="test_min_order_enforced" time="0.047" /><testcase classname="backend.tests.test_auratech_api.TestCoupon" name="test_invalid_code" time="0.042" /><testcase classname="backend.tests.test_auratech_api.TestOrders" name="test_create_order_from_cart_and_persist" time="0.263" /><testcase classname="backend.tests.test_auratech_api.TestOrders" name="test_create_order_empty_fails" time="0.084" /></testsuite></testsuites>